Arduino: update;serial=abcdefghijklmnop
Server: 
HTTP/1.1 200 OK
Date: Thu, 12 Jul 2012 18:54:09 GMT
Server: Apache/2.2.22 (Ubuntu)
X-Powered-By: PHP/5.3.10-1ubuntu3.2
Vary: Accept-Encoding
Content-Length: 28
Content-Type: text/html

readtime=1200
pinstoread=63
Arduino: log;0=0;1=448;2=505;3=540;4=776;5=628;
Arduino: log;0=0;1=0;2=264;3=245;4=386;5=444;
Arduino: log;0=0;1=557;2=803;3=788;4=814;5=752;
Arduino: log;0=0;1=266;2=269;3=180;4=72;5=171;
Arduino: log;0=0;1=249;2=144;3=232;4=267;5=796;
Arduino: log;0=0;1=628;2=570;3=480;4=384;5=48;
Arduino: log;0=0;1=0;2=39;3=167;4=124;5=309;
Arduino: log;0=0;1=484;2=419;3=696;4=744;5=828;
Arduino: log;0=0;1=121;2=249;3=368;4=699;5=807;
Arduino: log;0=0;1=378;2=408;3=239;4=524;5=650;
Arduino: newreading;serial=abcdefghijklmnop&reading=0.000&pin=0
Server: 
HTTP/1.1 200 OK
Date: Thu, 12 Jul 2012 19:14:09 GMT
Server: Apache/2.2.22 (Ubuntu)
X-Powered-By: PHP/5.3.10-1ubuntu3.2
Vary: Accept-Encoding
Content-Length: 0
Content-Type: text/html

Arduino: newreading;serial=abcdefghijklmnop&reading=1.529&pin=1
Server: 
HTTP/1.1 200 OK
Date: Thu, 12 Jul 2012 19:14:09 GMT
Server: Apache/2.2.22 (Ubuntu)
X-Powered-By: PHP/5.3.10-1ubuntu3.2
Vary: Accept-Encoding
Content-Length: 0
Content-Type: text/html

Arduino: newreading;serial=abcdefghijklmnop&reading=1.792&pin=2
Server: 
HTTP/1.1 200 OK
Date: Thu, 12 Jul 2012 19:14:09 GMT
Server: Apache/2.2.22 (Ubuntu)
X-Powered-By: PHP/5.3.10-1ubuntu3.2
Vary: Accept-Encoding
Content-Length: 0
Content-Type: text/html

Arduino: newreading;serial=abcdefghijklmnop&reading=1.921&pin=3
Server: 
HTTP/1.1 200 OK
Date: Thu, 12 Jul 2012 19:14:09 GMT
Server: Apache/2.2.22 (Ubuntu)
X-Powered-By: PHP/5.3.10-1ubuntu3.2
Vary: Accept-Encoding
Content-Length: 0
Content-Type: text/html

Arduino: newreading;serial=abcdefghijklmnop&reading=2.339&pin=4
Server: 
HTTP/1.1 200 OK
Date: Thu, 12 Jul 2012 19:14:09 GMT
Server: Apache/2.2.22 (Ubuntu)
X-Powered-By: PHP/5.3.10-1ubuntu3.2
Vary: Accept-Encoding
Content-Length: 0
Content-Type: text/html

Arduino: newreading;serial=abcdefghijklmnop&reading=2.653&pin=5
Server: 
HTTP/1.1 200 OK
Date: Thu, 12 Jul 2012 19:14:09 GMT
Server: Apache/2.2.22 (Ubuntu)
X-Powered-By: PHP/5.3.10-1ubuntu3.2
Vary: Accept-Encoding
Content-Length: 0
Content-Type: text/html

Arduino: update;serial=abcdefghijklmnop
Server: 
HTTP/1.1 200 OK
Date: Thu, 12 Jul 2012 19:14:09 GMT
Server: Apache/2.2.22 (Ubuntu)
X-Powered-By: PHP/5.3.10-1ubuntu3.2
Vary: Accept-Encoding
Content-Length: 28
Content-Type: text/html

readtime=1200
pinstoread=63
Arduino: log;0=0;1=240;2=309;3=497;4=642;5=894;
Arduino: log;0=0;1=417;2=583;3=603;4=773;5=640;
Arduino: log;0=0;1=677;2=587;3=535;4=271;5=421;
Arduino: log;0=0;1=85;2=218;3=207;4=430;5=370;
Arduino: log;0=0;1=751;2=624;3=736;4=721;5=814;
Arduino: log;0=0;1=668;2=593;3=597;4=198;5=385;
Arduino: log;0=0;1=846;2=877;3=771;4=638;5=702;
Arduino: log;0=0;1=587;2=701;3=519;4=669;5=907;
Arduino: update;serial=abcdefghijklmnop
Server: 
HTTP/1.1 200 OK
Date: Mon, 20 Aug 2012 21:25:48 GMT
Server: Apache/2.2.22 (Ubuntu)
X-Powered-By: PHP/5.3.10-1ubuntu3.2
Vary: Accept-Encoding
Content-Length: 27
Content-Type: text/html

readtime=1200
pinstoread=1
Arduino: update;serial=abcdefghijklmnop
Server: 
HTTP/1.1 200 OK
Date: Mon, 20 Aug 2012 21:27:16 GMT
Server: Apache/2.2.22 (Ubuntu)
X-Powered-By: PHP/5.3.10-1ubuntu3.2
Vary: Accept-Encoding
Content-Length: 27
Content-Type: text/html

readtime=1200
pinstoread=1
Arduino: log;0=945;
Arduino: log;0=94;
Arduino: log;0=1023;
Arduino: log;0=630;
Arduino: log;0=1023;
Arduino: log;0=1023;
Arduino: log;0=1023;
Arduino: log;0=723;
Arduino: log;0=1023;
Arduino: log;0=0;
Arduino: newreading;serial=abcdefghijklmnop&reading=3.669&pin=0
Server: 
HTTP/1.1 200 OK
Date: Mon, 20 Aug 2012 21:47:16 GMT
Server: Apache/2.2.22 (Ubuntu)
X-Powered-By: PHP/5.3.10-1ubuntu3.2
Vary: Accept-Encoding
Content-Length: 0
Content-Type: text/html

Arduino: update;serial=abcdefghijklmnop
Server: 
HTTP/1.1 200 OK
Date: Mon, 20 Aug 2012 21:47:17 GMT
Server: Apache/2.2.22 (Ubuntu)
X-Powered-By: PHP/5.3.10-1ubuntu3.2
Vary: Accept-Encoding
Content-Length: 27
Content-Type: text/html

readtime=1200
pinstoread=1
Arduino: log;0=839;
Arduino: log;0=1023;
Arduino: log;0=1023;
Arduino: log;0=1023;
Arduino: log;0=944;
Arduino: log;0=941;
Arduino: log;0=943;
Arduino: log;0=944;
Arduino: log;0=943;
Arduino: log;0=1023;
Arduino: newreading;serial=abcdefghijklmnop&reading=4.715&pin=0
Server: 
HTTP/1.1 200 OK
Date: Mon, 20 Aug 2012 22:07:17 GMT
Server: Apache/2.2.22 (Ubuntu)
X-Powered-By: PHP/5.3.10-1ubuntu3.2
Vary: Accept-Encoding
Content-Length: 0
Content-Type: text/html

Arduino: update;serial=abcdefghijklmnop
Server: 
HTTP/1.1 200 OK
Date: Mon, 20 Aug 2012 22:07:17 GMT
Server: Apache/2.2.22 (Ubuntu)
X-Powered-By: PHP/5.3.10-1ubuntu3.2
Vary: Accept-Encoding
Content-Length: 27
Content-Type: text/html

readtime=1200
pinstoread=1
Arduino: log;0=285;
Arduino: log;0=491;
Arduino: log;0=562;
Arduino: log;0=944;
Arduino: log;0=944;
Arduino: log;0=943;
Arduino: log;0=943;
Arduino: log;0=943;
Arduino: log;0=944;
Arduino: log;0=943;
Arduino: newreading;serial=abcdefghijklmnop&reading=3.882&pin=0
Server: 
HTTP/1.1 200 OK
Date: Mon, 20 Aug 2012 22:27:17 GMT
Server: Apache/2.2.22 (Ubuntu)
X-Powered-By: PHP/5.3.10-1ubuntu3.2
Vary: Accept-Encoding
Content-Length: 0
Content-Type: text/html

Arduino: update;serial=abcdefghijklmnop
Server: 
HTTP/1.1 200 OK
Date: Mon, 20 Aug 2012 22:27:17 GMT
Server: Apache/2.2.22 (Ubuntu)
X-Powered-By: PHP/5.3.10-1ubuntu3.2
Vary: Accept-Encoding
Content-Length: 27
Content-Type: text/html

readtime=1200
pinstoread=1
Arduino: log;0=943;
Arduino: log;0=943;
Arduino: log;0=943;
Arduino: log;0=943;
Arduino: log;0=943;
Arduino: log;0=943;
Arduino: log;0=943;
Arduino: log;0=943;
Arduino: log;0=943;
Arduino: log;0=943;
Arduino: newreading;serial=abcdefghijklmnop&reading=4.609&pin=0
Server: 
HTTP/1.1 200 OK
Date: Mon, 20 Aug 2012 22:47:17 GMT
Server: Apache/2.2.22 (Ubuntu)
X-Powered-By: PHP/5.3.10-1ubuntu3.2
Vary: Accept-Encoding
Content-Length: 0
Content-Type: text/html

Arduino: update;serial=abcdefghijklmnop
Server: 
HTTP/1.1 200 OK
Date: Mon, 20 Aug 2012 22:47:17 GMT
Server: Apache/2.2.22 (Ubuntu)
X-Powered-By: PHP/5.3.10-1ubuntu3.2
Vary: Accept-Encoding
Content-Length: 27
Content-Type: text/html

readtime=1200
pinstoread=1
Arduino: log;0=943;
Arduino: log;0=943;
Arduino: log;0=942;
Arduino: log;0=942;
Arduino: log;0=942;
Arduino: log;0=942;
Arduino: log;0=943;
Arduino: log;0=943;
Arduino: log;0=942;
Arduino: log;0=943;
Arduino: newreading;serial=abcdefghijklmnop&reading=4.607&pin=0
Server: 
HTTP/1.1 200 OK
Date: Mon, 20 Aug 2012 23:07:17 GMT
Server: Apache/2.2.22 (Ubuntu)
X-Powered-By: PHP/5.3.10-1ubuntu3.2
Vary: Accept-Encoding
Content-Length: 0
Content-Type: text/html

Arduino: update;serial=abcdefghijklmnop
Server: 
HTTP/1.1 200 OK
Date: Mon, 20 Aug 2012 23:07:17 GMT
Server: Apache/2.2.22 (Ubuntu)
X-Powered-By: PHP/5.3.10-1ubuntu3.2
Vary: Accept-Encoding
Content-Length: 27
Content-Type: text/html

readtime=1200
pinstoread=1
Arduino: log;0=942;
Arduino: log;0=943;
Arduino: log;0=942;
Arduino: log;0=942;
Arduino: log;0=942;
Arduino: log;0=942;
Arduino: log;0=943;
Arduino: log;0=942;
Arduino: log;0=942;
Arduino: log;0=942;
Arduino: newreading;serial=abcdefghijklmnop&reading=4.605&pin=0
Server: 
HTTP/1.1 200 OK
Date: Mon, 20 Aug 2012 23:27:17 GMT
Server: Apache/2.2.22 (Ubuntu)
X-Powered-By: PHP/5.3.10-1ubuntu3.2
Vary: Accept-Encoding
Content-Length: 0
Content-Type: text/html

Arduino: update;serial=abcdefghijklmnop
Server: 
HTTP/1.1 200 OK
Date: Mon, 20 Aug 2012 23:27:17 GMT
Server: Apache/2.2.22 (Ubuntu)
X-Powered-By: PHP/5.3.10-1ubuntu3.2
Vary: Accept-Encoding
Content-Length: 27
Content-Type: text/html

readtime=1200
pinstoread=1
Arduino: log;0=942;
Arduino: log;0=942;
Arduino: log;0=942;
Arduino: log;0=942;
Arduino: log;0=943;
Arduino: log;0=943;
Arduino: log;0=942;
Arduino: log;0=942;
Arduino: log;0=942;
Arduino: log;0=942;
Arduino: newreading;serial=abcdefghijklmnop&reading=4.605&pin=0
Server: 
HTTP/1.1 200 OK
Date: Mon, 20 Aug 2012 23:47:17 GMT
Server: Apache/2.2.22 (Ubuntu)
X-Powered-By: PHP/5.3.10-1ubuntu3.2
Vary: Accept-Encoding
Content-Length: 0
Content-Type: text/html

Arduino: update;serial=abcdefghijklmnop
Server: 
HTTP/1.1 200 OK
Date: Mon, 20 Aug 2012 23:47:17 GMT
Server: Apache/2.2.22 (Ubuntu)
X-Powered-By: PHP/5.3.10-1ubuntu3.2
Vary: Accept-Encoding
Content-Length: 27
Content-Type: text/html

readtime=1200
pinstoread=1
Arduino: log;0=942;
Arduino: log;0=942;
Arduino: log;0=943;
Arduino: log;0=943;
Arduino: log;0=942;
Arduino: log;0=941;
Arduino: log;0=942;
Arduino: log;0=942;
Arduino: log;0=942;
Arduino: log;0=942;
Arduino: newreading;serial=abcdefghijklmnop&reading=4.605&pin=0
Server: 
HTTP/1.1 200 OK
Date: Tue, 21 Aug 2012 00:07:17 GMT
Server: Apache/2.2.22 (Ubuntu)
X-Powered-By: PHP/5.3.10-1ubuntu3.2
Vary: Accept-Encoding
Content-Length: 0
Content-Type: text/html

Arduino: update;serial=abcdefghijklmnop
Server: 
HTTP/1.1 200 OK
Date: Tue, 21 Aug 2012 00:07:17 GMT
Server: Apache/2.2.22 (Ubuntu)
X-Powered-By: PHP/5.3.10-1ubuntu3.2
Vary: Accept-Encoding
Content-Length: 27
Content-Type: text/html

readtime=1200
pinstoread=1
Arduino: log;0=942;
Arduino: log;0=942;
Arduino: log;0=942;
Arduino: log;0=943;
Arduino: log;0=942;
Arduino: log;0=942;
Arduino: log;0=942;
Arduino: log;0=941;
Arduino: log;0=941;
Arduino: log;0=942;
Arduino: newreading;serial=abcdefghijklmnop&reading=4.604&pin=0
Server: 
HTTP/1.1 200 OK
Date: Tue, 21 Aug 2012 00:27:17 GMT
Server: Apache/2.2.22 (Ubuntu)
X-Powered-By: PHP/5.3.10-1ubuntu3.2
Vary: Accept-Encoding
Content-Length: 0
Content-Type: text/html

Arduino: update;serial=abcdefghijklmnop
Server: 
HTTP/1.1 200 OK
Date: Tue, 21 Aug 2012 00:27:17 GMT
Server: Apache/2.2.22 (Ubuntu)
X-Powered-By: PHP/5.3.10-1ubuntu3.2
Vary: Accept-Encoding
Content-Length: 27
Content-Type: text/html

readtime=1200
pinstoread=1
Arduino: log;0=942;
Arduino: log;0=942;
Arduino: log;0=942;
Arduino: log;0=942;
Arduino: log;0=942;
Arduino: log;0=942;
Arduino: log;0=942;
Arduino: log;0=942;
Arduino: log;0=942;
Arduino: log;0=942;
Arduino: newreading;serial=abcdefghijklmnop&reading=4.604&pin=0
Server: 
HTTP/1.1 200 OK
Date: Tue, 21 Aug 2012 00:47:17 GMT
Server: Apache/2.2.22 (Ubuntu)
X-Powered-By: PHP/5.3.10-1ubuntu3.2
Vary: Accept-Encoding
Content-Length: 0
Content-Type: text/html

Arduino: update;serial=abcdefghijklmnop
Server: 
HTTP/1.1 200 OK
Date: Tue, 21 Aug 2012 00:47:17 GMT
Server: Apache/2.2.22 (Ubuntu)
X-Powered-By: PHP/5.3.10-1ubuntu3.2
Vary: Accept-Encoding
Content-Length: 27
Content-Type: text/html

readtime=1200
pinstoread=1
Arduino: log;0=942;
Arduino: log;0=942;
Arduino: log;0=942;
Arduino: log;0=942;
Arduino: log;0=941;
Arduino: log;0=942;
Arduino: log;0=942;
Arduino: log;0=942;
Arduino: log;0=942;
Arduino: log;0=941;
Arduino: newreading;serial=abcdefghijklmnop&reading=4.603&pin=0
Server: 
HTTP/1.1 200 OK
Date: Tue, 21 Aug 2012 01:07:17 GMT
Server: Apache/2.2.22 (Ubuntu)
X-Powered-By: PHP/5.3.10-1ubuntu3.2
Vary: Accept-Encoding
Content-Length: 0
Content-Type: text/html

Arduino: update;serial=abcdefghijklmnop
Server: 
HTTP/1.1 200 OK
Date: Tue, 21 Aug 2012 01:07:18 GMT
Server: Apache/2.2.22 (Ubuntu)
X-Powered-By: PHP/5.3.10-1ubuntu3.2
Vary: Accept-Encoding
Content-Length: 27
Content-Type: text/html

readtime=1200
pinstoread=1
Arduino: log;0=942;
Arduino: log;0=942;
Arduino: log;0=941;
Arduino: log;0=941;
Arduino: log;0=942;
Arduino: log;0=941;
Arduino: log;0=941;
Arduino: log;0=941;
Arduino: log;0=942;
Arduino: log;0=942;
Arduino: newreading;serial=abcdefghijklmnop&reading=4.602&pin=0
Server: 
HTTP/1.1 200 OK
Date: Tue, 21 Aug 2012 01:27:18 GMT
Server: Apache/2.2.22 (Ubuntu)
X-Powered-By: PHP/5.3.10-1ubuntu3.2
Vary: Accept-Encoding
Content-Length: 0
Content-Type: text/html

Arduino: update;serial=abcdefghijklmnop
Server: 
HTTP/1.1 200 OK
Date: Tue, 21 Aug 2012 01:27:18 GMT
Server: Apache/2.2.22 (Ubuntu)
X-Powered-By: PHP/5.3.10-1ubuntu3.2
Vary: Accept-Encoding
Content-Length: 27
Content-Type: text/html

readtime=1200
pinstoread=1
Arduino: log;0=942;
Arduino: log;0=942;
Arduino: log;0=942;
Arduino: log;0=942;
Arduino: log;0=942;
Arduino: log;0=942;
Arduino: log;0=942;
Arduino: log;0=942;
Arduino: log;0=942;
Arduino: log;0=942;
Arduino: newreading;serial=abcdefghijklmnop&reading=4.604&pin=0
Server: 
HTTP/1.1 200 OK
Date: Tue, 21 Aug 2012 01:47:18 GMT
Server: Apache/2.2.22 (Ubuntu)
X-Powered-By: PHP/5.3.10-1ubuntu3.2
Vary: Accept-Encoding
Content-Length: 0
Content-Type: text/html

Arduino: update;serial=abcdefghijklmnop
Server: 
HTTP/1.1 200 OK
Date: Tue, 21 Aug 2012 01:47:18 GMT
Server: Apache/2.2.22 (Ubuntu)
X-Powered-By: PHP/5.3.10-1ubuntu3.2
Vary: Accept-Encoding
Content-Length: 27
Content-Type: text/html

readtime=1200
pinstoread=1
Arduino: log;0=942;
Arduino: log;0=942;
Arduino: log;0=942;
Arduino: log;0=942;
Arduino: log;0=942;
Arduino: log;0=942;
Arduino: log;0=942;
Arduino: log;0=942;
Arduino: log;0=942;
Arduino: log;0=942;
Arduino: newreading;serial=abcdefghijklmnop&reading=4.604&pin=0
Server: 
HTTP/1.1 200 OK
Date: Tue, 21 Aug 2012 02:07:18 GMT
Server: Apache/2.2.22 (Ubuntu)
X-Powered-By: PHP/5.3.10-1ubuntu3.2
Vary: Accept-Encoding
Content-Length: 0
Content-Type: text/html

Arduino: update;serial=abcdefghijklmnop
Server: 
HTTP/1.1 200 OK
Date: Tue, 21 Aug 2012 02:07:18 GMT
Server: Apache/2.2.22 (Ubuntu)
X-Powered-By: PHP/5.3.10-1ubuntu3.2
Vary: Accept-Encoding
Content-Length: 27
Content-Type: text/html

readtime=1200
pinstoread=1
Arduino: log;0=942;
Arduino: log;0=942;
Arduino: log;0=942;
Arduino: log;0=942;
Arduino: log;0=942;
Arduino: log;0=942;
Arduino: log;0=942;
Arduino: log;0=943;
Arduino: log;0=943;
Arduino: log;0=942;
Arduino: newreading;serial=abcdefghijklmnop&reading=4.605&pin=0
Server: 
HTTP/1.1 200 OK
Date: Tue, 21 Aug 2012 02:27:18 GMT
Server: Apache/2.2.22 (Ubuntu)
X-Powered-By: PHP/5.3.10-1ubuntu3.2
Vary: Accept-Encoding
Content-Length: 0
Content-Type: text/html

Arduino: update;serial=abcdefghijklmnop
Server: 
HTTP/1.1 200 OK
Date: Tue, 21 Aug 2012 02:27:18 GMT
Server: Apache/2.2.22 (Ubuntu)
X-Powered-By: PHP/5.3.10-1ubuntu3.2
Vary: Accept-Encoding
Content-Length: 27
Content-Type: text/html

readtime=1200
pinstoread=1
Arduino: log;0=942;
Arduino: log;0=942;
Arduino: log;0=942;
Arduino: log;0=943;
Arduino: log;0=941;
Arduino: log;0=942;
Arduino: log;0=942;
Arduino: log;0=943;
Arduino: log;0=942;
Arduino: log;0=942;
Arduino: newreading;serial=abcdefghijklmnop&reading=4.605&pin=0
Server: 
HTTP/1.1 200 OK
Date: Tue, 21 Aug 2012 02:47:18 GMT
Server: Apache/2.2.22 (Ubuntu)
X-Powered-By: PHP/5.3.10-1ubuntu3.2
Vary: Accept-Encoding
Content-Length: 0
Content-Type: text/html

Arduino: update;serial=abcdefghijklmnop
Server: 
HTTP/1.1 200 OK
Date: Tue, 21 Aug 2012 02:47:18 GMT
Server: Apache/2.2.22 (Ubuntu)
X-Powered-By: PHP/5.3.10-1ubuntu3.2
Vary: Accept-Encoding
Content-Length: 27
Content-Type: text/html

readtime=1200
pinstoread=1
Arduino: log;0=943;
Arduino: log;0=943;
Arduino: log;0=942;
Arduino: log;0=943;
Arduino: log;0=942;
Arduino: log;0=942;
Arduino: log;0=942;
Arduino: log;0=943;
Arduino: log;0=942;
Arduino: log;0=942;
Arduino: newreading;serial=abcdefghijklmnop&reading=4.606&pin=0
Server: 
HTTP/1.1 200 OK
Date: Tue, 21 Aug 2012 03:07:18 GMT
Server: Apache/2.2.22 (Ubuntu)
X-Powered-By: PHP/5.3.10-1ubuntu3.2
Vary: Accept-Encoding
Content-Length: 0
Content-Type: text/html

Arduino: update;serial=abcdefghijklmnop
Server: 
HTTP/1.1 200 OK
Date: Tue, 21 Aug 2012 03:07:18 GMT
Server: Apache/2.2.22 (Ubuntu)
X-Powered-By: PHP/5.3.10-1ubuntu3.2
Vary: Accept-Encoding
Content-Length: 27
Content-Type: text/html

readtime=1200
pinstoread=1
Arduino: log;0=942;
Arduino: log;0=942;
Arduino: log;0=943;
Arduino: log;0=942;
Arduino: log;0=943;
Arduino: log;0=942;
Arduino: log;0=942;
Arduino: log;0=942;
Arduino: log;0=942;
Arduino: log;0=942;
Arduino: newreading;serial=abcdefghijklmnop&reading=4.605&pin=0
Server: 
HTTP/1.1 200 OK
Date: Tue, 21 Aug 2012 03:27:18 GMT
Server: Apache/2.2.22 (Ubuntu)
X-Powered-By: PHP/5.3.10-1ubuntu3.2
Vary: Accept-Encoding
Content-Length: 0
Content-Type: text/html

Arduino: update;serial=abcdefghijklmnop
Server: 
HTTP/1.1 200 OK
Date: Tue, 21 Aug 2012 03:27:18 GMT
Server: Apache/2.2.22 (Ubuntu)
X-Powered-By: PHP/5.3.10-1ubuntu3.2
Vary: Accept-Encoding
Content-Length: 27
Content-Type: text/html

readtime=1200
pinstoread=1
Arduino: log;0=942;
Arduino: log;0=942;
Arduino: log;0=943;
Arduino: log;0=942;
Arduino: log;0=941;
Arduino: log;0=942;
Arduino: log;0=942;
Arduino: log;0=942;
Arduino: log;0=942;
Arduino: log;0=942;
Arduino: newreading;serial=abcdefghijklmnop&reading=4.604&pin=0
Server: 
HTTP/1.1 200 OK
Date: Tue, 21 Aug 2012 03:47:18 GMT
Server: Apache/2.2.22 (Ubuntu)
X-Powered-By: PHP/5.3.10-1ubuntu3.2
Vary: Accept-Encoding
Content-Length: 0
Content-Type: text/html

Arduino: update;serial=abcdefghijklmnop
Server: 
HTTP/1.1 200 OK
Date: Tue, 21 Aug 2012 03:47:18 GMT
Server: Apache/2.2.22 (Ubuntu)
X-Powered-By: PHP/5.3.10-1ubuntu3.2
Vary: Accept-Encoding
Content-Length: 27
Content-Type: text/html

readtime=1200
pinstoread=1
Arduino: log;0=943;
Arduino: log;0=942;
Arduino: log;0=942;
Arduino: log;0=943;
Arduino: log;0=942;
Arduino: log;0=942;
Arduino: log;0=942;
Arduino: log;0=942;
Arduino: log;0=942;
Arduino: log;0=942;
Arduino: newreading;serial=abcdefghijklmnop&reading=4.605&pin=0
Server: 
HTTP/1.1 200 OK
Date: Tue, 21 Aug 2012 04:07:18 GMT
Server: Apache/2.2.22 (Ubuntu)
X-Powered-By: PHP/5.3.10-1ubuntu3.2
Vary: Accept-Encoding
Content-Length: 0
Content-Type: text/html

Arduino: update;serial=abcdefghijklmnop
Server: 
HTTP/1.1 200 OK
Date: Tue, 21 Aug 2012 04:07:18 GMT
Server: Apache/2.2.22 (Ubuntu)
X-Powered-By: PHP/5.3.10-1ubuntu3.2
Vary: Accept-Encoding
Content-Length: 27
Content-Type: text/html

readtime=1200
pinstoread=1
Arduino: log;0=942;
Arduino: log;0=942;
Arduino: log;0=942;
Arduino: log;0=941;
Arduino: log;0=942;
Arduino: log;0=942;
Arduino: log;0=942;
Arduino: log;0=942;
Arduino: log;0=943;
Arduino: log;0=943;
Arduino: newreading;serial=abcdefghijklmnop&reading=4.605&pin=0
Server: 
HTTP/1.1 200 OK
Date: Tue, 21 Aug 2012 04:27:18 GMT
Server: Apache/2.2.22 (Ubuntu)
X-Powered-By: PHP/5.3.10-1ubuntu3.2
Vary: Accept-Encoding
Content-Length: 0
Content-Type: text/html

Arduino: update;serial=abcdefghijklmnop
Server: 
HTTP/1.1 200 OK
Date: Tue, 21 Aug 2012 04:27:18 GMT
Server: Apache/2.2.22 (Ubuntu)
X-Powered-By: PHP/5.3.10-1ubuntu3.2
Vary: Accept-Encoding
Content-Length: 27
Content-Type: text/html

readtime=1200
pinstoread=1
Arduino: log;0=943;
Arduino: log;0=942;
Arduino: log;0=942;
Arduino: log;0=942;
Arduino: log;0=942;
Arduino: log;0=943;
Arduino: log;0=942;
Arduino: log;0=942;
Arduino: log;0=942;
Arduino: log;0=942;
Arduino: newreading;serial=abcdefghijklmnop&reading=4.605&pin=0
Server: 
HTTP/1.1 200 OK
Date: Tue, 21 Aug 2012 04:47:18 GMT
Server: Apache/2.2.22 (Ubuntu)
X-Powered-By: PHP/5.3.10-1ubuntu3.2
Vary: Accept-Encoding
Content-Length: 0
Content-Type: text/html

Arduino: update;serial=abcdefghijklmnop
Server: 
HTTP/1.1 200 OK
Date: Tue, 21 Aug 2012 04:47:18 GMT
Server: Apache/2.2.22 (Ubuntu)
X-Powered-By: PHP/5.3.10-1ubuntu3.2
Vary: Accept-Encoding
Content-Length: 27
Content-Type: text/html

readtime=1200
pinstoread=1
Arduino: log;0=942;
Arduino: log;0=942;
Arduino: log;0=942;
Arduino: log;0=942;
Arduino: log;0=942;
Arduino: log;0=942;
Arduino: log;0=942;
Arduino: log;0=942;
Arduino: log;0=942;
Arduino: log;0=942;
Arduino: newreading;serial=abcdefghijklmnop&reading=4.604&pin=0
Server: 
HTTP/1.1 200 OK
Date: Tue, 21 Aug 2012 05:07:18 GMT
Server: Apache/2.2.22 (Ubuntu)
X-Powered-By: PHP/5.3.10-1ubuntu3.2
Vary: Accept-Encoding
Content-Length: 0
Content-Type: text/html

Arduino: update;serial=abcdefghijklmnop
Server: 
HTTP/1.1 200 OK
Date: Tue, 21 Aug 2012 05:07:18 GMT
Server: Apache/2.2.22 (Ubuntu)
X-Powered-By: PHP/5.3.10-1ubuntu3.2
Vary: Accept-Encoding
Content-Length: 27
Content-Type: text/html

readtime=1200
pinstoread=1
Arduino: log;0=942;
Arduino: log;0=942;
Arduino: log;0=942;
Arduino: log;0=942;
Arduino: log;0=942;
Arduino: log;0=942;
Arduino: log;0=942;
Arduino: log;0=942;
Arduino: log;0=942;
Arduino: log;0=942;
Arduino: newreading;serial=abcdefghijklmnop&reading=4.604&pin=0
Server: 
HTTP/1.1 200 OK
Date: Tue, 21 Aug 2012 05:27:18 GMT
Server: Apache/2.2.22 (Ubuntu)
X-Powered-By: PHP/5.3.10-1ubuntu3.2
Vary: Accept-Encoding
Content-Length: 0
Content-Type: text/html

Arduino: update;serial=abcdefghijklmnop
Server: 
HTTP/1.1 200 OK
Date: Tue, 21 Aug 2012 05:27:18 GMT
Server: Apache/2.2.22 (Ubuntu)
X-Powered-By: PHP/5.3.10-1ubuntu3.2
Vary: Accept-Encoding
Content-Length: 27
Content-Type: text/html

readtime=1200
pinstoread=1
Arduino: log;0=942;
Arduino: log;0=942;
Arduino: log;0=942;
Arduino: log;0=942;
Arduino: log;0=942;
Arduino: log;0=942;
Arduino: log;0=942;
Arduino: log;0=943;
Arduino: log;0=942;
Arduino: log;0=942;
Arduino: newreading;serial=abcdefghijklmnop&reading=4.605&pin=0
Server: 
HTTP/1.1 200 OK
Date: Tue, 21 Aug 2012 05:47:18 GMT
Server: Apache/2.2.22 (Ubuntu)
X-Powered-By: PHP/5.3.10-1ubuntu3.2
Vary: Accept-Encoding
Content-Length: 0
Content-Type: text/html

Arduino: update;serial=abcdefghijklmnop
Server: 
HTTP/1.1 200 OK
Date: Tue, 21 Aug 2012 05:47:18 GMT
Server: Apache/2.2.22 (Ubuntu)
X-Powered-By: PHP/5.3.10-1ubuntu3.2
Vary: Accept-Encoding
Content-Length: 27
Content-Type: text/html

readtime=1200
pinstoread=1
Arduino: log;0=942;
Arduino: log;0=942;
Arduino: log;0=942;
Arduino: log;0=942;
Arduino: log;0=942;
Arduino: log;0=942;
Arduino: log;0=942;
Arduino: log;0=942;
Arduino: log;0=942;
Arduino: log;0=941;
Arduino: newreading;serial=abcdefghijklmnop&reading=4.604&pin=0
Server: 
HTTP/1.1 200 OK
Date: Tue, 21 Aug 2012 06:07:18 GMT
Server: Apache/2.2.22 (Ubuntu)
X-Powered-By: PHP/5.3.10-1ubuntu3.2
Vary: Accept-Encoding
Content-Length: 0
Content-Type: text/html

Arduino: update;serial=abcdefghijklmnop
Server: 
HTTP/1.1 200 OK
Date: Tue, 21 Aug 2012 06:07:19 GMT
Server: Apache/2.2.22 (Ubuntu)
X-Powered-By: PHP/5.3.10-1ubuntu3.2
Vary: Accept-Encoding
Content-Length: 27
Content-Type: text/html

readtime=1200
pinstoread=1
Arduino: log;0=942;
Arduino: log;0=942;
Arduino: log;0=942;
Arduino: log;0=942;
Arduino: log;0=942;
Arduino: log;0=942;
Arduino: log;0=942;
Arduino: log;0=942;
Arduino: log;0=942;
Arduino: log;0=942;
Arduino: newreading;serial=abcdefghijklmnop&reading=4.604&pin=0
Server: 
HTTP/1.1 200 OK
Date: Tue, 21 Aug 2012 06:27:19 GMT
Server: Apache/2.2.22 (Ubuntu)
X-Powered-By: PHP/5.3.10-1ubuntu3.2
Vary: Accept-Encoding
Content-Length: 0
Content-Type: text/html

Arduino: update;serial=abcdefghijklmnop
Server: 
HTTP/1.1 200 OK
Date: Tue, 21 Aug 2012 06:27:19 GMT
Server: Apache/2.2.22 (Ubuntu)
X-Powered-By: PHP/5.3.10-1ubuntu3.2
Vary: Accept-Encoding
Content-Length: 27
Content-Type: text/html

readtime=1200
pinstoread=1
Arduino: log;0=942;
Arduino: log;0=942;
Arduino: log;0=942;
Arduino: log;0=942;
Arduino: log;0=942;
Arduino: log;0=943;
Arduino: log;0=942;
Arduino: log;0=942;
Arduino: log;0=942;
Arduino: log;0=942;
Arduino: newreading;serial=abcdefghijklmnop&reading=4.605&pin=0
Server: 
HTTP/1.1 200 OK
Date: Tue, 21 Aug 2012 06:47:19 GMT
Server: Apache/2.2.22 (Ubuntu)
X-Powered-By: PHP/5.3.10-1ubuntu3.2
Vary: Accept-Encoding
Content-Length: 0
Content-Type: text/html

Arduino: update;serial=abcdefghijklmnop
Server: 
HTTP/1.1 200 OK
Date: Tue, 21 Aug 2012 06:47:19 GMT
Server: Apache/2.2.22 (Ubuntu)
X-Powered-By: PHP/5.3.10-1ubuntu3.2
Vary: Accept-Encoding
Content-Length: 27
Content-Type: text/html

readtime=1200
pinstoread=1
Arduino: log;0=942;
Arduino: log;0=943;
Arduino: log;0=942;
Arduino: log;0=943;
Arduino: log;0=942;
Arduino: log;0=941;
Arduino: log;0=942;
Arduino: log;0=942;
Arduino: log;0=942;
Arduino: log;0=942;
Arduino: newreading;serial=abcdefghijklmnop&reading=4.605&pin=0
Server: 
HTTP/1.1 200 OK
Date: Tue, 21 Aug 2012 07:07:19 GMT
Server: Apache/2.2.22 (Ubuntu)
X-Powered-By: PHP/5.3.10-1ubuntu3.2
Vary: Accept-Encoding
Content-Length: 0
Content-Type: text/html

Arduino: update;serial=abcdefghijklmnop
Server: 
HTTP/1.1 200 OK
Date: Tue, 21 Aug 2012 07:07:19 GMT
Server: Apache/2.2.22 (Ubuntu)
X-Powered-By: PHP/5.3.10-1ubuntu3.2
Vary: Accept-Encoding
Content-Length: 27
Content-Type: text/html

readtime=1200
pinstoread=1
Arduino: log;0=942;
Arduino: log;0=942;
Arduino: log;0=942;
Arduino: log;0=941;
Arduino: log;0=942;
Arduino: log;0=943;
Arduino: log;0=942;
Arduino: log;0=942;
Arduino: log;0=943;
Arduino: log;0=942;
Arduino: newreading;serial=abcdefghijklmnop&reading=4.605&pin=0
Server: 
HTTP/1.1 200 OK
Date: Tue, 21 Aug 2012 07:27:19 GMT
Server: Apache/2.2.22 (Ubuntu)
X-Powered-By: PHP/5.3.10-1ubuntu3.2
Vary: Accept-Encoding
Content-Length: 0
Content-Type: text/html

Arduino: update;serial=abcdefghijklmnop
Server: 
HTTP/1.1 200 OK
Date: Tue, 21 Aug 2012 07:27:19 GMT
Server: Apache/2.2.22 (Ubuntu)
X-Powered-By: PHP/5.3.10-1ubuntu3.2
Vary: Accept-Encoding
Content-Length: 27
Content-Type: text/html

readtime=1200
pinstoread=1
Arduino: log;0=942;
Arduino: log;0=942;
Arduino: log;0=943;
Arduino: log;0=942;
Arduino: log;0=942;
Arduino: log;0=942;
Arduino: log;0=942;
Arduino: log;0=942;
Arduino: log;0=942;
Arduino: log;0=942;
Arduino: newreading;serial=abcdefghijklmnop&reading=4.605&pin=0
Server: 
HTTP/1.1 200 OK
Date: Tue, 21 Aug 2012 07:47:19 GMT
Server: Apache/2.2.22 (Ubuntu)
X-Powered-By: PHP/5.3.10-1ubuntu3.2
Vary: Accept-Encoding
Content-Length: 0
Content-Type: text/html

Arduino: update;serial=abcdefghijklmnop
Server: 
HTTP/1.1 200 OK
Date: Tue, 21 Aug 2012 07:47:19 GMT
Server: Apache/2.2.22 (Ubuntu)
X-Powered-By: PHP/5.3.10-1ubuntu3.2
Vary: Accept-Encoding
Content-Length: 27
Content-Type: text/html

readtime=1200
pinstoread=1
Arduino: log;0=942;
Arduino: log;0=942;
Arduino: log;0=942;
Arduino: log;0=942;
Arduino: log;0=942;
Arduino: log;0=942;
Arduino: log;0=942;
Arduino: log;0=942;
Arduino: log;0=942;
Arduino: log;0=942;
Arduino: newreading;serial=abcdefghijklmnop&reading=4.604&pin=0
Server: 
HTTP/1.1 200 OK
Date: Tue, 21 Aug 2012 08:07:19 GMT
Server: Apache/2.2.22 (Ubuntu)
X-Powered-By: PHP/5.3.10-1ubuntu3.2
Vary: Accept-Encoding
Content-Length: 0
Content-Type: text/html

Arduino: update;serial=abcdefghijklmnop
Server: 
HTTP/1.1 200 OK
Date: Tue, 21 Aug 2012 08:07:19 GMT
Server: Apache/2.2.22 (Ubuntu)
X-Powered-By: PHP/5.3.10-1ubuntu3.2
Vary: Accept-Encoding
Content-Length: 27
Content-Type: text/html

readtime=1200
pinstoread=1
Arduino: log;0=942;
Arduino: log;0=942;
Arduino: log;0=942;
Arduino: log;0=941;
Arduino: log;0=941;
Arduino: log;0=941;
Arduino: log;0=942;
Arduino: log;0=942;
Arduino: log;0=941;
Arduino: log;0=941;
Arduino: newreading;serial=abcdefghijklmnop&reading=4.602&pin=0
Server: 
HTTP/1.1 200 OK
Date: Tue, 21 Aug 2012 08:27:19 GMT
Server: Apache/2.2.22 (Ubuntu)
X-Powered-By: PHP/5.3.10-1ubuntu3.2
Vary: Accept-Encoding
Content-Length: 0
Content-Type: text/html

Arduino: update;serial=abcdefghijklmnop
Server: 
HTTP/1.1 200 OK
Date: Tue, 21 Aug 2012 08:27:19 GMT
Server: Apache/2.2.22 (Ubuntu)
X-Powered-By: PHP/5.3.10-1ubuntu3.2
Vary: Accept-Encoding
Content-Length: 27
Content-Type: text/html

readtime=1200
pinstoread=1
Arduino: log;0=941;
Arduino: log;0=941;
Arduino: log;0=941;
Arduino: log;0=941;
Arduino: log;0=941;
Arduino: log;0=942;
Arduino: log;0=941;
Arduino: log;0=942;
Arduino: log;0=942;
Arduino: log;0=941;
Arduino: newreading;serial=abcdefghijklmnop&reading=4.601&pin=0
Server: 
HTTP/1.1 200 OK
Date: Tue, 21 Aug 2012 08:47:19 GMT
Server: Apache/2.2.22 (Ubuntu)
X-Powered-By: PHP/5.3.10-1ubuntu3.2
Vary: Accept-Encoding
Content-Length: 0
Content-Type: text/html

Arduino: update;serial=abcdefghijklmnop
Server: 
HTTP/1.1 200 OK
Date: Tue, 21 Aug 2012 08:47:19 GMT
Server: Apache/2.2.22 (Ubuntu)
X-Powered-By: PHP/5.3.10-1ubuntu3.2
Vary: Accept-Encoding
Content-Length: 27
Content-Type: text/html

readtime=1200
pinstoread=1
Arduino: log;0=941;
Arduino: log;0=941;
Arduino: log;0=942;
Arduino: log;0=941;
Arduino: log;0=942;
Arduino: log;0=941;
Arduino: log;0=941;
Arduino: log;0=941;
Arduino: log;0=941;
Arduino: log;0=941;
Arduino: newreading;serial=abcdefghijklmnop&reading=4.600&pin=0
Server: 
HTTP/1.1 200 OK
Date: Tue, 21 Aug 2012 09:07:19 GMT
Server: Apache/2.2.22 (Ubuntu)
X-Powered-By: PHP/5.3.10-1ubuntu3.2
Vary: Accept-Encoding
Content-Length: 0
Content-Type: text/html

Arduino: update;serial=abcdefghijklmnop
Server: 
HTTP/1.1 200 OK
Date: Tue, 21 Aug 2012 09:07:19 GMT
Server: Apache/2.2.22 (Ubuntu)
X-Powered-By: PHP/5.3.10-1ubuntu3.2
Vary: Accept-Encoding
Content-Length: 27
Content-Type: text/html

readtime=1200
pinstoread=1
Arduino: log;0=941;
Arduino: log;0=942;
Arduino: log;0=941;
Arduino: log;0=941;
Arduino: log;0=942;
Arduino: log;0=941;
Arduino: log;0=941;
Arduino: log;0=941;
Arduino: log;0=941;
Arduino: log;0=941;
Arduino: newreading;serial=abcdefghijklmnop&reading=4.600&pin=0
Server: 
HTTP/1.1 200 OK
Date: Tue, 21 Aug 2012 09:27:19 GMT
Server: Apache/2.2.22 (Ubuntu)
X-Powered-By: PHP/5.3.10-1ubuntu3.2
Vary: Accept-Encoding
Content-Length: 0
Content-Type: text/html

Arduino: update;serial=abcdefghijklmnop
Server: 
HTTP/1.1 200 OK
Date: Tue, 21 Aug 2012 09:27:19 GMT
Server: Apache/2.2.22 (Ubuntu)
X-Powered-By: PHP/5.3.10-1ubuntu3.2
Vary: Accept-Encoding
Content-Length: 27
Content-Type: text/html

readtime=1200
pinstoread=1
Arduino: log;0=941;
Arduino: log;0=941;
Arduino: log;0=942;
Arduino: log;0=941;
Arduino: log;0=942;
Arduino: log;0=941;
Arduino: log;0=942;
Arduino: log;0=941;
Arduino: log;0=942;
Arduino: log;0=941;
Arduino: newreading;serial=abcdefghijklmnop&reading=4.601&pin=0
Server: 
HTTP/1.1 200 OK
Date: Tue, 21 Aug 2012 09:47:19 GMT
Server: Apache/2.2.22 (Ubuntu)
X-Powered-By: PHP/5.3.10-1ubuntu3.2
Vary: Accept-Encoding
Content-Length: 0
Content-Type: text/html

Arduino: update;serial=abcdefghijklmnop
Server: 
HTTP/1.1 200 OK
Date: Tue, 21 Aug 2012 09:47:19 GMT
Server: Apache/2.2.22 (Ubuntu)
X-Powered-By: PHP/5.3.10-1ubuntu3.2
Vary: Accept-Encoding
Content-Length: 27
Content-Type: text/html

readtime=1200
pinstoread=1
Arduino: log;0=941;
Arduino: log;0=941;
Arduino: log;0=941;
Arduino: log;0=941;
Arduino: log;0=941;
Arduino: log;0=941;
Arduino: log;0=941;
Arduino: log;0=942;
Arduino: log;0=941;
Arduino: log;0=941;
Arduino: newreading;serial=abcdefghijklmnop&reading=4.600&pin=0
Server: 
HTTP/1.1 200 OK
Date: Tue, 21 Aug 2012 10:07:19 GMT
Server: Apache/2.2.22 (Ubuntu)
X-Powered-By: PHP/5.3.10-1ubuntu3.2
Vary: Accept-Encoding
Content-Length: 0
Content-Type: text/html

Arduino: update;serial=abcdefghijklmnop
Server: 
HTTP/1.1 200 OK
Date: Tue, 21 Aug 2012 10:07:19 GMT
Server: Apache/2.2.22 (Ubuntu)
X-Powered-By: PHP/5.3.10-1ubuntu3.2
Vary: Accept-Encoding
Content-Length: 27
Content-Type: text/html

readtime=1200
pinstoread=1
Arduino: log;0=941;
Arduino: log;0=941;
Arduino: log;0=942;
Arduino: log;0=942;
Arduino: log;0=942;
Arduino: log;0=942;
Arduino: log;0=941;
Arduino: log;0=941;
Arduino: log;0=942;
Arduino: log;0=942;
Arduino: newreading;serial=abcdefghijklmnop&reading=4.602&pin=0
Server: 
HTTP/1.1 200 OK
Date: Tue, 21 Aug 2012 10:27:19 GMT
Server: Apache/2.2.22 (Ubuntu)
X-Powered-By: PHP/5.3.10-1ubuntu3.2
Vary: Accept-Encoding
Content-Length: 0
Content-Type: text/html

Arduino: update;serial=abcdefghijklmnop
Server: 
HTTP/1.1 200 OK
Date: Tue, 21 Aug 2012 10:27:19 GMT
Server: Apache/2.2.22 (Ubuntu)
X-Powered-By: PHP/5.3.10-1ubuntu3.2
Vary: Accept-Encoding
Content-Length: 27
Content-Type: text/html

readtime=1200
pinstoread=1
Arduino: log;0=942;
Arduino: log;0=942;
Arduino: log;0=942;
Arduino: log;0=942;
Arduino: log;0=942;
Arduino: log;0=941;
Arduino: log;0=942;
Arduino: log;0=942;
Arduino: log;0=941;
Arduino: log;0=941;
Arduino: newreading;serial=abcdefghijklmnop&reading=4.603&pin=0
Server: 
HTTP/1.1 200 OK
Date: Tue, 21 Aug 2012 10:47:19 GMT
Server: Apache/2.2.22 (Ubuntu)
X-Powered-By: PHP/5.3.10-1ubuntu3.2
Vary: Accept-Encoding
Content-Length: 0
Content-Type: text/html

Arduino: update;serial=abcdefghijklmnop
Server: 
HTTP/1.1 200 OK
Date: Tue, 21 Aug 2012 10:47:19 GMT
Server: Apache/2.2.22 (Ubuntu)
X-Powered-By: PHP/5.3.10-1ubuntu3.2
Vary: Accept-Encoding
Content-Length: 27
Content-Type: text/html

readtime=1200
pinstoread=1
Arduino: log;0=941;
Arduino: log;0=941;
Arduino: log;0=941;
Arduino: log;0=942;
Arduino: log;0=942;
Arduino: log;0=942;
Arduino: log;0=942;
Arduino: log;0=942;
Arduino: log;0=942;
Arduino: log;0=941;
Arduino: newreading;serial=abcdefghijklmnop&reading=4.602&pin=0
Server: 
HTTP/1.1 200 OK
Date: Tue, 21 Aug 2012 11:07:19 GMT
Server: Apache/2.2.22 (Ubuntu)
X-Powered-By: PHP/5.3.10-1ubuntu3.2
Vary: Accept-Encoding
Content-Length: 0
Content-Type: text/html

Arduino: update;serial=abcdefghijklmnop
Server: 
HTTP/1.1 200 OK
Date: Tue, 21 Aug 2012 11:07:20 GMT
Server: Apache/2.2.22 (Ubuntu)
X-Powered-By: PHP/5.3.10-1ubuntu3.2
Vary: Accept-Encoding
Content-Length: 27
Content-Type: text/html

readtime=1200
pinstoread=1
Arduino: log;0=942;
Arduino: log;0=942;
Arduino: log;0=942;
Arduino: log;0=941;
Arduino: log;0=941;
Arduino: log;0=941;
Arduino: log;0=941;
Arduino: log;0=941;
Arduino: log;0=941;
Arduino: log;0=942;
Arduino: newreading;serial=abcdefghijklmnop&reading=4.601&pin=0
Server: 
HTTP/1.1 200 OK
Date: Tue, 21 Aug 2012 11:27:20 GMT
Server: Apache/2.2.22 (Ubuntu)
X-Powered-By: PHP/5.3.10-1ubuntu3.2
Vary: Accept-Encoding
Content-Length: 0
Content-Type: text/html

Arduino: update;serial=abcdefghijklmnop
Server: 
HTTP/1.1 200 OK
Date: Tue, 21 Aug 2012 11:27:20 GMT
Server: Apache/2.2.22 (Ubuntu)
X-Powered-By: PHP/5.3.10-1ubuntu3.2
Vary: Accept-Encoding
Content-Length: 27
Content-Type: text/html

readtime=1200
pinstoread=1
Arduino: log;0=941;
Arduino: log;0=942;
Arduino: log;0=941;
Arduino: log;0=941;
Arduino: log;0=940;
Arduino: log;0=941;
Arduino: log;0=941;
Arduino: log;0=940;
Arduino: log;0=941;
Arduino: log;0=941;
Arduino: newreading;serial=abcdefghijklmnop&reading=4.599&pin=0
Server: 
HTTP/1.1 200 OK
Date: Tue, 21 Aug 2012 11:47:20 GMT
Server: Apache/2.2.22 (Ubuntu)
X-Powered-By: PHP/5.3.10-1ubuntu3.2
Vary: Accept-Encoding
Content-Length: 0
Content-Type: text/html

Arduino: update;serial=abcdefghijklmnop
Server: 
HTTP/1.1 200 OK
Date: Tue, 21 Aug 2012 11:47:20 GMT
Server: Apache/2.2.22 (Ubuntu)
X-Powered-By: PHP/5.3.10-1ubuntu3.2
Vary: Accept-Encoding
Content-Length: 27
Content-Type: text/html

readtime=1200
pinstoread=1
Arduino: log;0=942;
Arduino: log;0=942;
Arduino: log;0=941;
Arduino: log;0=941;
Arduino: log;0=941;
Arduino: log;0=941;
Arduino: log;0=941;
Arduino: log;0=941;
Arduino: log;0=941;
Arduino: log;0=942;
Arduino: newreading;serial=abcdefghijklmnop&reading=4.601&pin=0
Server: 
HTTP/1.1 200 OK
Date: Tue, 21 Aug 2012 12:07:20 GMT
Server: Apache/2.2.22 (Ubuntu)
X-Powered-By: PHP/5.3.10-1ubuntu3.2
Vary: Accept-Encoding
Content-Length: 0
Content-Type: text/html

Arduino: update;serial=abcdefghijklmnop
Server: 
HTTP/1.1 200 OK
Date: Tue, 21 Aug 2012 12:07:20 GMT
Server: Apache/2.2.22 (Ubuntu)
X-Powered-By: PHP/5.3.10-1ubuntu3.2
Vary: Accept-Encoding
Content-Length: 27
Content-Type: text/html

readtime=1200
pinstoread=1
Arduino: log;0=942;
Arduino: log;0=941;
Arduino: log;0=941;
Arduino: log;0=941;
Arduino: log;0=940;
Arduino: log;0=941;
Arduino: log;0=941;
Arduino: log;0=938;
Arduino: log;0=941;
Arduino: log;0=942;
Arduino: newreading;serial=abcdefghijklmnop&reading=4.598&pin=0
Server: 
HTTP/1.1 200 OK
Date: Tue, 21 Aug 2012 12:27:20 GMT
Server: Apache/2.2.22 (Ubuntu)
X-Powered-By: PHP/5.3.10-1ubuntu3.2
Vary: Accept-Encoding
Content-Length: 0
Content-Type: text/html

Arduino: update;serial=abcdefghijklmnop
Server: 
HTTP/1.1 200 OK
Date: Tue, 21 Aug 2012 12:27:20 GMT
Server: Apache/2.2.22 (Ubuntu)
X-Powered-By: PHP/5.3.10-1ubuntu3.2
Vary: Accept-Encoding
Content-Length: 27
Content-Type: text/html

readtime=1200
pinstoread=1
Arduino: log;0=941;
Arduino: log;0=941;
Arduino: log;0=941;
Arduino: log;0=941;
Arduino: log;0=941;
Arduino: log;0=941;
Arduino: log;0=940;
Arduino: log;0=941;
Arduino: log;0=941;
Arduino: log;0=940;
Arduino: newreading;serial=abcdefghijklmnop&reading=4.598&pin=0
Server: 
HTTP/1.1 200 OK
Date: Tue, 21 Aug 2012 12:47:20 GMT
Server: Apache/2.2.22 (Ubuntu)
X-Powered-By: PHP/5.3.10-1ubuntu3.2
Vary: Accept-Encoding
Content-Length: 0
Content-Type: text/html

Arduino: update;serial=abcdefghijklmnop
Server: 
HTTP/1.1 200 OK
Date: Tue, 21 Aug 2012 12:47:20 GMT
Server: Apache/2.2.22 (Ubuntu)
X-Powered-By: PHP/5.3.10-1ubuntu3.2
Vary: Accept-Encoding
Content-Length: 27
Content-Type: text/html

readtime=1200
pinstoread=1
Arduino: log;0=940;
Arduino: log;0=940;
Arduino: log;0=941;
Arduino: log;0=941;
Arduino: log;0=941;
Arduino: log;0=940;
Arduino: log;0=941;
Arduino: log;0=940;
Arduino: log;0=941;
Arduino: log;0=941;
Arduino: newreading;serial=abcdefghijklmnop&reading=4.597&pin=0
Server: 
HTTP/1.1 200 OK
Date: Tue, 21 Aug 2012 13:07:20 GMT
Server: Apache/2.2.22 (Ubuntu)
X-Powered-By: PHP/5.3.10-1ubuntu3.2
Vary: Accept-Encoding
Content-Length: 0
Content-Type: text/html

Arduino: update;serial=abcdefghijklmnop
Server: 
HTTP/1.1 200 OK
Date: Tue, 21 Aug 2012 13:07:20 GMT
Server: Apache/2.2.22 (Ubuntu)
X-Powered-By: PHP/5.3.10-1ubuntu3.2
Vary: Accept-Encoding
Content-Length: 27
Content-Type: text/html

readtime=1200
pinstoread=1
Arduino: log;0=940;
Arduino: log;0=940;
Arduino: log;0=940;
Arduino: log;0=941;
Arduino: log;0=940;
Arduino: log;0=940;
Arduino: log;0=941;
Arduino: log;0=940;
Arduino: log;0=939;
Arduino: log;0=941;
Arduino: newreading;serial=abcdefghijklmnop&reading=4.595&pin=0
Server: 
HTTP/1.1 200 OK
Date: Tue, 21 Aug 2012 13:27:20 GMT
Server: Apache/2.2.22 (Ubuntu)
X-Powered-By: PHP/5.3.10-1ubuntu3.2
Vary: Accept-Encoding
Content-Length: 0
Content-Type: text/html

Arduino: update;serial=abcdefghijklmnop
Server: 
HTTP/1.1 200 OK
Date: Tue, 21 Aug 2012 13:27:20 GMT
Server: Apache/2.2.22 (Ubuntu)
X-Powered-By: PHP/5.3.10-1ubuntu3.2
Vary: Accept-Encoding
Content-Length: 27
Content-Type: text/html

readtime=1200
pinstoread=1
Arduino: log;0=941;
Arduino: log;0=940;
Arduino: log;0=941;
Arduino: log;0=940;
Arduino: log;0=940;
Arduino: log;0=940;
Arduino: log;0=940;
Arduino: log;0=940;
Arduino: log;0=940;
Arduino: log;0=940;
Arduino: newreading;serial=abcdefghijklmnop&reading=4.595&pin=0
Server: 
HTTP/1.1 200 OK
Date: Tue, 21 Aug 2012 13:47:20 GMT
Server: Apache/2.2.22 (Ubuntu)
X-Powered-By: PHP/5.3.10-1ubuntu3.2
Vary: Accept-Encoding
Content-Length: 0
Content-Type: text/html

Arduino: update;serial=abcdefghijklmnop
Server: 
HTTP/1.1 200 OK
Date: Tue, 21 Aug 2012 13:47:20 GMT
Server: Apache/2.2.22 (Ubuntu)
X-Powered-By: PHP/5.3.10-1ubuntu3.2
Vary: Accept-Encoding
Content-Length: 27
Content-Type: text/html

readtime=1200
pinstoread=1
Arduino: log;0=941;
Arduino: log;0=940;
Arduino: log;0=940;
Arduino: log;0=940;
Arduino: log;0=940;
Arduino: log;0=940;
Arduino: log;0=940;
Arduino: log;0=940;
Arduino: log;0=940;
Arduino: log;0=940;
Arduino: newreading;serial=abcdefghijklmnop&reading=4.595&pin=0
Server: 
HTTP/1.1 200 OK
Date: Tue, 21 Aug 2012 14:07:20 GMT
Server: Apache/2.2.22 (Ubuntu)
X-Powered-By: PHP/5.3.10-1ubuntu3.2
Vary: Accept-Encoding
Content-Length: 0
Content-Type: text/html

Arduino: update;serial=abcdefghijklmnop
Server: 
HTTP/1.1 200 OK
Date: Tue, 21 Aug 2012 14:07:20 GMT
Server: Apache/2.2.22 (Ubuntu)
X-Powered-By: PHP/5.3.10-1ubuntu3.2
Vary: Accept-Encoding
Content-Length: 27
Content-Type: text/html

readtime=1200
pinstoread=1
Arduino: log;0=940;
Arduino: log;0=940;
Arduino: log;0=940;
Arduino: log;0=940;
Arduino: log;0=940;
Arduino: log;0=940;
Arduino: log;0=940;
Arduino: log;0=940;
Arduino: log;0=940;
Arduino: log;0=940;
Arduino: newreading;serial=abcdefghijklmnop&reading=4.594&pin=0
Server: 
HTTP/1.1 200 OK
Date: Tue, 21 Aug 2012 14:27:20 GMT
Server: Apache/2.2.22 (Ubuntu)
X-Powered-By: PHP/5.3.10-1ubuntu3.2
Vary: Accept-Encoding
Content-Length: 0
Content-Type: text/html

Arduino: update;serial=abcdefghijklmnop
Server: 
HTTP/1.1 200 OK
Date: Tue, 21 Aug 2012 14:27:20 GMT
Server: Apache/2.2.22 (Ubuntu)
X-Powered-By: PHP/5.3.10-1ubuntu3.2
Vary: Accept-Encoding
Content-Length: 27
Content-Type: text/html

readtime=1200
pinstoread=1
Arduino: log;0=940;
Arduino: log;0=940;
Arduino: log;0=940;
Arduino: log;0=940;
Arduino: log;0=940;
Arduino: log;0=940;
Arduino: log;0=940;
Arduino: log;0=940;
Arduino: log;0=940;
Arduino: log;0=939;
Arduino: newreading;serial=abcdefghijklmnop&reading=4.594&pin=0
Server: 
HTTP/1.1 200 OK
Date: Tue, 21 Aug 2012 14:47:20 GMT
Server: Apache/2.2.22 (Ubuntu)
X-Powered-By: PHP/5.3.10-1ubuntu3.2
Vary: Accept-Encoding
Content-Length: 0
Content-Type: text/html

Arduino: update;serial=abcdefghijklmnop
Server: 
HTTP/1.1 200 OK
Date: Tue, 21 Aug 2012 14:47:20 GMT
Server: Apache/2.2.22 (Ubuntu)
X-Powered-By: PHP/5.3.10-1ubuntu3.2
Vary: Accept-Encoding
Content-Length: 27
Content-Type: text/html

readtime=1200
pinstoread=1
Arduino: log;0=940;
Arduino: log;0=940;
Arduino: log;0=939;
Arduino: log;0=940;
Arduino: log;0=939;
Arduino: log;0=940;
Arduino: log;0=940;
Arduino: log;0=939;
Arduino: log;0=939;
Arduino: log;0=939;
Arduino: newreading;serial=abcdefghijklmnop&reading=4.592&pin=0
Server: 
HTTP/1.1 200 OK
Date: Tue, 21 Aug 2012 15:07:20 GMT
Server: Apache/2.2.22 (Ubuntu)
X-Powered-By: PHP/5.3.10-1ubuntu3.2
Vary: Accept-Encoding
Content-Length: 0
Content-Type: text/html

Arduino: update;serial=abcdefghijklmnop
Server: 
HTTP/1.1 200 OK
Date: Tue, 21 Aug 2012 15:07:21 GMT
Server: Apache/2.2.22 (Ubuntu)
X-Powered-By: PHP/5.3.10-1ubuntu3.2
Vary: Accept-Encoding
Content-Length: 27
Content-Type: text/html

readtime=1200
pinstoread=1
Arduino: log;0=939;
Arduino: log;0=939;
Arduino: log;0=939;
Arduino: log;0=939;
Arduino: log;0=939;
Arduino: log;0=939;
Arduino: log;0=939;
Arduino: log;0=938;
Arduino: log;0=938;
Arduino: log;0=938;
Arduino: newreading;serial=abcdefghijklmnop&reading=4.588&pin=0
Server: 
HTTP/1.1 200 OK
Date: Tue, 21 Aug 2012 15:27:21 GMT
Server: Apache/2.2.22 (Ubuntu)
X-Powered-By: PHP/5.3.10-1ubuntu3.2
Vary: Accept-Encoding
Content-Length: 0
Content-Type: text/html

Arduino: update;serial=abcdefghijklmnop
Server: 
HTTP/1.1 200 OK
Date: Tue, 21 Aug 2012 15:27:21 GMT
Server: Apache/2.2.22 (Ubuntu)
X-Powered-By: PHP/5.3.10-1ubuntu3.2
Vary: Accept-Encoding
Content-Length: 27
Content-Type: text/html

readtime=1200
pinstoread=1
Arduino: log;0=938;
Arduino: log;0=939;
Arduino: log;0=938;
Arduino: log;0=938;
Arduino: log;0=938;
Arduino: log;0=938;
Arduino: log;0=938;
Arduino: log;0=939;
Arduino: log;0=938;
Arduino: log;0=938;
Arduino: newreading;serial=abcdefghijklmnop&reading=4.586&pin=0
Server: 
HTTP/1.1 200 OK
Date: Tue, 21 Aug 2012 15:47:21 GMT
Server: Apache/2.2.22 (Ubuntu)
X-Powered-By: PHP/5.3.10-1ubuntu3.2
Vary: Accept-Encoding
Content-Length: 0
Content-Type: text/html

Arduino: update;serial=abcdefghijklmnop
Server: 
HTTP/1.1 200 OK
Date: Tue, 21 Aug 2012 15:47:21 GMT
Server: Apache/2.2.22 (Ubuntu)
X-Powered-By: PHP/5.3.10-1ubuntu3.2
Vary: Accept-Encoding
Content-Length: 27
Content-Type: text/html

readtime=1200
pinstoread=1
Arduino: log;0=938;
Arduino: log;0=938;
Arduino: log;0=938;
Arduino: log;0=938;
Arduino: log;0=938;
Arduino: log;0=938;
Arduino: log;0=938;
Arduino: log;0=937;
Arduino: log;0=937;
Arduino: log;0=937;
Arduino: newreading;serial=abcdefghijklmnop&reading=4.583&pin=0
Server: 
HTTP/1.1 200 OK
Date: Tue, 21 Aug 2012 16:07:21 GMT
Server: Apache/2.2.22 (Ubuntu)
X-Powered-By: PHP/5.3.10-1ubuntu3.2
Vary: Accept-Encoding
Content-Length: 0
Content-Type: text/html

Arduino: update;serial=abcdefghijklmnop
Server: 
HTTP/1.1 200 OK
Date: Tue, 21 Aug 2012 16:07:21 GMT
Server: Apache/2.2.22 (Ubuntu)
X-Powered-By: PHP/5.3.10-1ubuntu3.2
Vary: Accept-Encoding
Content-Length: 27
Content-Type: text/html

readtime=1200
pinstoread=1
Arduino: log;0=938;
Arduino: log;0=937;
Arduino: log;0=937;
Arduino: log;0=937;
Arduino: log;0=937;
Arduino: log;0=937;
Arduino: log;0=938;
Arduino: log;0=937;
Arduino: log;0=937;
Arduino: log;0=938;
Arduino: newreading;serial=abcdefghijklmnop&reading=4.581&pin=0
Server: 
HTTP/1.1 200 OK
Date: Tue, 21 Aug 2012 16:27:21 GMT
Server: Apache/2.2.22 (Ubuntu)
X-Powered-By: PHP/5.3.10-1ubuntu3.2
Vary: Accept-Encoding
Content-Length: 0
Content-Type: text/html

Arduino: update;serial=abcdefghijklmnop
Server: 
HTTP/1.1 200 OK
Date: Tue, 21 Aug 2012 16:27:21 GMT
Server: Apache/2.2.22 (Ubuntu)
X-Powered-By: PHP/5.3.10-1ubuntu3.2
Vary: Accept-Encoding
Content-Length: 27
Content-Type: text/html

readtime=1200
pinstoread=1
Arduino: log;0=937;
Arduino: log;0=937;
Arduino: log;0=937;
Arduino: log;0=938;
Arduino: log;0=937;
Arduino: log;0=937;
Arduino: log;0=937;
Arduino: log;0=937;
Arduino: log;0=937;
Arduino: log;0=938;
Arduino: newreading;serial=abcdefghijklmnop&reading=4.581&pin=0
Server: 
HTTP/1.1 200 OK
Date: Tue, 21 Aug 2012 16:47:21 GMT
Server: Apache/2.2.22 (Ubuntu)
X-Powered-By: PHP/5.3.10-1ubuntu3.2
Vary: Accept-Encoding
Content-Length: 0
Content-Type: text/html

Arduino: update;serial=abcdefghijklmnop
Server: 
HTTP/1.1 200 OK
Date: Tue, 21 Aug 2012 16:47:21 GMT
Server: Apache/2.2.22 (Ubuntu)
X-Powered-By: PHP/5.3.10-1ubuntu3.2
Vary: Accept-Encoding
Content-Length: 27
Content-Type: text/html

readtime=1200
pinstoread=1
Arduino: log;0=937;
Arduino: log;0=937;
Arduino: log;0=938;
Arduino: log;0=937;
Arduino: log;0=937;
Arduino: log;0=938;
Arduino: log;0=937;
Arduino: log;0=938;
Arduino: log;0=938;
Arduino: log;0=937;
Arduino: newreading;serial=abcdefghijklmnop&reading=4.582&pin=0
Server: 
HTTP/1.1 200 OK
Date: Tue, 21 Aug 2012 17:07:21 GMT
Server: Apache/2.2.22 (Ubuntu)
X-Powered-By: PHP/5.3.10-1ubuntu3.2
Vary: Accept-Encoding
Content-Length: 0
Content-Type: text/html

Arduino: update;serial=abcdefghijklmnop
Server: 
HTTP/1.1 200 OK
Date: Tue, 21 Aug 2012 17:07:21 GMT
Server: Apache/2.2.22 (Ubuntu)
X-Powered-By: PHP/5.3.10-1ubuntu3.2
Vary: Accept-Encoding
Content-Length: 27
Content-Type: text/html

readtime=1200
pinstoread=1
Arduino: log;0=937;
Arduino: log;0=937;
Arduino: log;0=937;
Arduino: log;0=937;
Arduino: log;0=937;
Arduino: log;0=938;
Arduino: log;0=938;
Arduino: log;0=937;
Arduino: log;0=937;
Arduino: log;0=938;
Arduino: newreading;serial=abcdefghijklmnop&reading=4.581&pin=0
Server: 
HTTP/1.1 200 OK
Date: Tue, 21 Aug 2012 17:27:21 GMT
Server: Apache/2.2.22 (Ubuntu)
X-Powered-By: PHP/5.3.10-1ubuntu3.2
Vary: Accept-Encoding
Content-Length: 0
Content-Type: text/html

Arduino: update;serial=abcdefghijklmnop
Server: 
HTTP/1.1 200 OK
Date: Tue, 21 Aug 2012 17:27:21 GMT
Server: Apache/2.2.22 (Ubuntu)
X-Powered-By: PHP/5.3.10-1ubuntu3.2
Vary: Accept-Encoding
Content-Length: 27
Content-Type: text/html

readtime=1200
pinstoread=1
Arduino: log;0=937;
Arduino: log;0=937;
Arduino: log;0=937;
Arduino: log;0=937;
Arduino: log;0=937;
Arduino: log;0=938;
Arduino: log;0=937;
Arduino: log;0=937;
Arduino: log;0=938;
Arduino: log;0=937;
Arduino: newreading;serial=abcdefghijklmnop&reading=4.581&pin=0
Server: 
HTTP/1.1 200 OK
Date: Tue, 21 Aug 2012 17:47:21 GMT
Server: Apache/2.2.22 (Ubuntu)
X-Powered-By: PHP/5.3.10-1ubuntu3.2
Vary: Accept-Encoding
Content-Length: 0
Content-Type: text/html

Arduino: update;serial=abcdefghijklmnop
Server: 
HTTP/1.1 200 OK
Date: Tue, 21 Aug 2012 17:47:21 GMT
Server: Apache/2.2.22 (Ubuntu)
X-Powered-By: PHP/5.3.10-1ubuntu3.2
Vary: Accept-Encoding
Content-Length: 27
Content-Type: text/html

readtime=1200
pinstoread=1
Arduino: log;0=938;
Arduino: log;0=938;
Arduino: log;0=938;
Arduino: log;0=937;
Arduino: log;0=938;
Arduino: log;0=938;
Arduino: log;0=938;
Arduino: log;0=937;
Arduino: log;0=938;
Arduino: log;0=938;
Arduino: newreading;serial=abcdefghijklmnop&reading=4.584&pin=0
Server: 
HTTP/1.1 200 OK
Date: Tue, 21 Aug 2012 18:07:21 GMT
Server: Apache/2.2.22 (Ubuntu)
X-Powered-By: PHP/5.3.10-1ubuntu3.2
Vary: Accept-Encoding
Content-Length: 0
Content-Type: text/html

Arduino: update;serial=abcdefghijklmnop
Server: 
HTTP/1.1 200 OK
Date: Tue, 21 Aug 2012 18:07:21 GMT
Server: Apache/2.2.22 (Ubuntu)
X-Powered-By: PHP/5.3.10-1ubuntu3.2
Vary: Accept-Encoding
Content-Length: 27
Content-Type: text/html

readtime=1200
pinstoread=1
Arduino: log;0=938;
Arduino: log;0=0;
Arduino: log;0=1023;
Arduino: log;0=1023;
Arduino: log;0=1023;
Arduino: log;0=24;
Arduino: log;0=905;
Arduino: log;0=114;
Arduino: log;0=0;
Arduino: log;0=0;
Arduino: newreading;serial=abcdefghijklmnop&reading=2.468&pin=0
Server: 
HTTP/1.1 200 OK
Date: Tue, 21 Aug 2012 18:27:21 GMT
Server: Apache/2.2.22 (Ubuntu)
X-Powered-By: PHP/5.3.10-1ubuntu3.2
Vary: Accept-Encoding
Content-Length: 0
Content-Type: text/html

Arduino: update;serial=abcdefghijklmnop
Server: 
HTTP/1.1 200 OK
Date: Tue, 21 Aug 2012 18:27:21 GMT
Server: Apache/2.2.22 (Ubuntu)
X-Powered-By: PHP/5.3.10-1ubuntu3.2
Vary: Accept-Encoding
Content-Length: 27
Content-Type: text/html

readtime=1200
pinstoread=1
Arduino: log;0=0;
Arduino: log;0=1023;
Arduino: log;0=779;
Arduino: log;0=0;
Arduino: log;0=1018;
Arduino: log;0=1023;
Arduino: log;0=1023;
Arduino: log;0=812;
Arduino: log;0=101;
Arduino: log;0=1023;
Arduino: newreading;serial=abcdefghijklmnop&reading=3.325&pin=0
Server: 
HTTP/1.1 200 OK
Date: Tue, 21 Aug 2012 18:47:21 GMT
Server: Apache/2.2.22 (Ubuntu)
X-Powered-By: PHP/5.3.10-1ubuntu3.2
Vary: Accept-Encoding
Content-Length: 0
Content-Type: text/html

Arduino: update;serial=abcdefghijklmnop
Server: 
HTTP/1.1 200 OK
Date: Tue, 21 Aug 2012 18:47:21 GMT
Server: Apache/2.2.22 (Ubuntu)
X-Powered-By: PHP/5.3.10-1ubuntu3.2
Vary: Accept-Encoding
Content-Length: 27
Content-Type: text/html

readtime=1200
pinstoread=1
Arduino: log;0=1008;
Arduino: log;0=344;
Arduino: log;0=1006;
Arduino: log;0=0;
Arduino: log;0=0;
Arduino: log;0=1023;
Arduino: log;0=1023;
Arduino: log;0=1023;
Arduino: log;0=703;
Arduino: log;0=868;
Arduino: newreading;serial=abcdefghijklmnop&reading=3.420&pin=0
Server: 
HTTP/1.1 200 OK
Date: Tue, 21 Aug 2012 19:07:21 GMT
Server: Apache/2.2.22 (Ubuntu)
X-Powered-By: PHP/5.3.10-1ubuntu3.2
Vary: Accept-Encoding
Content-Length: 0
Content-Type: text/html

Arduino: update;serial=abcdefghijklmnop
Server: 
HTTP/1.1 200 OK
Date: Tue, 21 Aug 2012 19:07:21 GMT
Server: Apache/2.2.22 (Ubuntu)
X-Powered-By: PHP/5.3.10-1ubuntu3.2
Vary: Accept-Encoding
Content-Length: 27
Content-Type: text/html

readtime=1200
pinstoread=1
Arduino: log;0=1023;
Arduino: log;0=0;
Arduino: log;0=0;
Arduino: log;0=1023;
Arduino: log;0=1023;
Arduino: log;0=157;
Arduino: log;0=373;
Arduino: log;0=1023;
Arduino: log;0=0;
Arduino: log;0=780;
Arduino: newreading;serial=abcdefghijklmnop&reading=2.640&pin=0
Server: 
HTTP/1.1 200 OK
Date: Tue, 21 Aug 2012 19:27:21 GMT
Server: Apache/2.2.22 (Ubuntu)
X-Powered-By: PHP/5.3.10-1ubuntu3.2
Vary: Accept-Encoding
Content-Length: 0
Content-Type: text/html

Arduino: update;serial=abcdefghijklmnop
Server: 
HTTP/1.1 200 OK
Date: Tue, 21 Aug 2012 19:27:21 GMT
Server: Apache/2.2.22 (Ubuntu)
X-Powered-By: PHP/5.3.10-1ubuntu3.2
Vary: Accept-Encoding
Content-Length: 27
Content-Type: text/html

readtime=1200
pinstoread=1
Arduino: log;0=947;
Arduino: log;0=45;
Arduino: log;0=1023;
Arduino: log;0=20;
Arduino: log;0=9;
Arduino: log;0=1023;
Arduino: log;0=0;
Arduino: log;0=53;
Arduino: log;0=955;
Arduino: log;0=851;
Arduino: newreading;serial=abcdefghijklmnop&reading=2.408&pin=0
Server: 
HTTP/1.1 200 OK
Date: Tue, 21 Aug 2012 19:47:21 GMT
Server: Apache/2.2.22 (Ubuntu)
X-Powered-By: PHP/5.3.10-1ubuntu3.2
Vary: Accept-Encoding
Content-Length: 0
Content-Type: text/html

Arduino: update;serial=abcdefghijklmnop
Server: 
HTTP/1.1 200 OK
Date: Tue, 21 Aug 2012 19:47:22 GMT
Server: Apache/2.2.22 (Ubuntu)
X-Powered-By: PHP/5.3.10-1ubuntu3.2
Vary: Accept-Encoding
Content-Length: 27
Content-Type: text/html

readtime=1200
pinstoread=1
Arduino: log;0=1023;
Arduino: log;0=34;
Arduino: log;0=23;
Arduino: log;0=1023;
Arduino: log;0=0;
Arduino: log;0=0;
Arduino: log;0=0;
Arduino: log;0=1023;
Arduino: log;0=883;
Arduino: log;0=429;
Arduino: newreading;serial=abcdefghijklmnop&reading=2.169&pin=0
Server: 
HTTP/1.1 200 OK
Date: Tue, 21 Aug 2012 20:07:22 GMT
Server: Apache/2.2.22 (Ubuntu)
X-Powered-By: PHP/5.3.10-1ubuntu3.2
Vary: Accept-Encoding
Content-Length: 0
Content-Type: text/html

Arduino: update;serial=abcdefghijklmnop
Server: 
HTTP/1.1 200 OK
Date: Tue, 21 Aug 2012 20:07:22 GMT
Server: Apache/2.2.22 (Ubuntu)
X-Powered-By: PHP/5.3.10-1ubuntu3.2
Vary: Accept-Encoding
Content-Length: 27
Content-Type: text/html

readtime=1200
pinstoread=1
Arduino: log;0=1023;
Arduino: log;0=0;
Arduino: log;0=0;
Arduino: log;0=0;
Arduino: log;0=311;
Arduino: log;0=0;
Arduino: log;0=0;
Arduino: log;0=175;
Arduino: log;0=56;
Arduino: log;0=0;
Arduino: newreading;serial=abcdefghijklmnop&reading=0.765&pin=0
Server: 
HTTP/1.1 200 OK
Date: Tue, 21 Aug 2012 20:27:22 GMT
Server: Apache/2.2.22 (Ubuntu)
X-Powered-By: PHP/5.3.10-1ubuntu3.2
Vary: Accept-Encoding
Content-Length: 0
Content-Type: text/html

Arduino: update;serial=abcdefghijklmnop
Server: 
HTTP/1.1 200 OK
Date: Tue, 21 Aug 2012 20:27:22 GMT
Server: Apache/2.2.22 (Ubuntu)
X-Powered-By: PHP/5.3.10-1ubuntu3.2
Vary: Accept-Encoding
Content-Length: 27
Content-Type: text/html

readtime=1200
pinstoread=1
Arduino: log;0=0;
Arduino: log;0=159;
Arduino: log;0=0;
Arduino: log;0=0;
Arduino: log;0=1023;
Arduino: log;0=1023;
Arduino: log;0=1023;
Arduino: log;0=649;
Arduino: log;0=0;
Arduino: log;0=0;
Arduino: newreading;serial=abcdefghijklmnop&reading=1.895&pin=0
Server: 
HTTP/1.1 200 OK
Date: Tue, 21 Aug 2012 20:47:22 GMT
Server: Apache/2.2.22 (Ubuntu)
X-Powered-By: PHP/5.3.10-1ubuntu3.2
Vary: Accept-Encoding
Content-Length: 0
Content-Type: text/html

Arduino: update;serial=abcdefghijklmnop
Server: 
HTTP/1.1 200 OK
Date: Tue, 21 Aug 2012 20:47:22 GMT
Server: Apache/2.2.22 (Ubuntu)
X-Powered-By: PHP/5.3.10-1ubuntu3.2
Vary: Accept-Encoding
Content-Length: 27
Content-Type: text/html

readtime=1200
pinstoread=1
Arduino: log;0=781;
Arduino: log;0=37;
Arduino: log;0=1023;
Arduino: log;0=1023;
Arduino: log;0=590;
Arduino: log;0=1023;
Arduino: log;0=1023;
Arduino: log;0=13;
Arduino: log;0=1023;
Arduino: log;0=1023;
Arduino: newreading;serial=abcdefghijklmnop&reading=3.695&pin=0
Server: 
HTTP/1.1 200 OK
Date: Tue, 21 Aug 2012 21:07:22 GMT
Server: Apache/2.2.22 (Ubuntu)
X-Powered-By: PHP/5.3.10-1ubuntu3.2
Vary: Accept-Encoding
Content-Length: 0
Content-Type: text/html

Arduino: update;serial=abcdefghijklmnop
Server: 
HTTP/1.1 200 OK
Date: Tue, 21 Aug 2012 21:07:22 GMT
Server: Apache/2.2.22 (Ubuntu)
X-Powered-By: PHP/5.3.10-1ubuntu3.2
Vary: Accept-Encoding
Content-Length: 27
Content-Type: text/html

readtime=1200
pinstoread=1
Arduino: log;0=973;
Arduino: log;0=0;
Arduino: log;0=4;
Arduino: log;0=1023;
Arduino: log;0=154;
Arduino: log;0=28;
Arduino: log;0=0;
Arduino: log;0=0;
Arduino: log;0=709;
Arduino: log;0=0;
Arduino: newreading;serial=abcdefghijklmnop&reading=1.413&pin=0
Server: 
HTTP/1.1 200 OK
Date: Tue, 21 Aug 2012 21:27:22 GMT
Server: Apache/2.2.22 (Ubuntu)
X-Powered-By: PHP/5.3.10-1ubuntu3.2
Vary: Accept-Encoding
Content-Length: 0
Content-Type: text/html

Arduino: update;serial=abcdefghijklmnop
Server: 
HTTP/1.1 200 OK
Date: Tue, 21 Aug 2012 21:27:22 GMT
Server: Apache/2.2.22 (Ubuntu)
X-Powered-By: PHP/5.3.10-1ubuntu3.2
Vary: Accept-Encoding
Content-Length: 27
Content-Type: text/html

readtime=1200
pinstoread=1
Arduino: log;0=425;
Arduino: log;0=765;
Arduino: update;serial=abcdefghijklmnop
Server: 
HTTP/1.1 200 OK
Date: Tue, 21 Aug 2012 21:43:37 GMT
Server: Apache/2.2.22 (Ubuntu)
X-Powered-By: PHP/5.3.10-1ubuntu3.2
Vary: Accept-Encoding
Content-Length: 25
Content-Type: text/html

readtime=60
pinstoread=1
Arduino: newreading;serial=abcdefghijklmnop&reading=0.000&pin=0
Server: 
HTTP/1.1 200 OK
Date: Tue, 21 Aug 2012 21:44:37 GMT
Server: Apache/2.2.22 (Ubuntu)
X-Powered-By: PHP/5.3.10-1ubuntu3.2
Vary: Accept-Encoding
Content-Length: 0
Content-Type: text/html

Arduino: update;serial=abcdefghijklmnop
Server: 
HTTP/1.1 200 OK
Date: Tue, 21 Aug 2012 21:44:37 GMT
Server: Apache/2.2.22 (Ubuntu)
X-Powered-By: PHP/5.3.10-1ubuntu3.2
Vary: Accept-Encoding
Content-Length: 25
Content-Type: text/html

readtime=60
pinstoread=1
Arduino: log;0=1023;
Arduino: newreading;serial=abcdefghijklmnop&reading=4.910&pin=0
Server: 
HTTP/1.1 200 OK
Date: Tue, 21 Aug 2012 21:45:37 GMT
Server: Apache/2.2.22 (Ubuntu)
X-Powered-By: PHP/5.3.10-1ubuntu3.2
Vary: Accept-Encoding
Content-Length: 0
Content-Type: text/html

Arduino: update;serial=abcdefghijklmnop
Server: 
HTTP/1.1 200 OK
Date: Tue, 21 Aug 2012 21:45:38 GMT
Server: Apache/2.2.22 (Ubuntu)
X-Powered-By: PHP/5.3.10-1ubuntu3.2
Vary: Accept-Encoding
Content-Length: 25
Content-Type: text/html

readtime=60
pinstoread=1
Arduino: newreading;serial=abcdefghijklmnop&reading=0.000&pin=0
Server: 
HTTP/1.1 200 OK
Date: Tue, 21 Aug 2012 21:46:38 GMT
Server: Apache/2.2.22 (Ubuntu)
X-Powered-By: PHP/5.3.10-1ubuntu3.2
Vary: Accept-Encoding
Content-Length: 0
Content-Type: text/html

Arduino: update;serial=abcdefghijklmnop
Server: 
HTTP/1.1 200 OK
Date: Tue, 21 Aug 2012 21:46:38 GMT
Server: Apache/2.2.22 (Ubuntu)
X-Powered-By: PHP/5.3.10-1ubuntu3.2
Vary: Accept-Encoding
Content-Length: 25
Content-Type: text/html

readtime=60
pinstoread=1
Arduino: log;0=1023;
Arduino: newreading;serial=abcdefghijklmnop&reading=4.910&pin=0
Server: 
HTTP/1.1 200 OK
Date: Tue, 21 Aug 2012 21:47:38 GMT
Server: Apache/2.2.22 (Ubuntu)
X-Powered-By: PHP/5.3.10-1ubuntu3.2
Vary: Accept-Encoding
Content-Length: 0
Content-Type: text/html

Arduino: update;serial=abcdefghijklmnop
Server: 
HTTP/1.1 200 OK
Date: Tue, 21 Aug 2012 21:47:38 GMT
Server: Apache/2.2.22 (Ubuntu)
X-Powered-By: PHP/5.3.10-1ubuntu3.2
Vary: Accept-Encoding
Content-Length: 25
Content-Type: text/html

readtime=60
pinstoread=1
Arduino: update;serial=abcdefghijklmnop
Server: 
HTTP/1.1 200 OK
Date: Tue, 21 Aug 2012 21:54:13 GMT
Server: Apache/2.2.22 (Ubuntu)
X-Powered-By: PHP/5.3.10-1ubuntu3.2
Vary: Accept-Encoding
Content-Length: 25
Content-Type: text/html

readtime=60
pinstoread=1
Arduino: newreading;serial=abcdefghijklmnop&reading=0.000&pin=0
Server: 
HTTP/1.1 200 OK
Date: Tue, 21 Aug 2012 21:55:13 GMT
Server: Apache/2.2.22 (Ubuntu)
X-Powered-By: PHP/5.3.10-1ubuntu3.2
Vary: Accept-Encoding
Content-Length: 0
Content-Type: text/html

Arduino: update;serial=abcdefghijklmnop
Server: 
HTTP/1.1 200 OK
Date: Tue, 21 Aug 2012 21:55:13 GMT
Server: Apache/2.2.22 (Ubuntu)
X-Powered-By: PHP/5.3.10-1ubuntu3.2
Vary: Accept-Encoding
Content-Length: 25
Content-Type: text/html

readtime=60
pinstoread=1
Arduino: log;0=1023;
Arduino: newreading;serial=abcdefghijklmnop&reading=4.910&pin=0
Server: 
HTTP/1.1 200 OK
Date: Tue, 21 Aug 2012 21:56:13 GMT
Server: Apache/2.2.22 (Ubuntu)
X-Powered-By: PHP/5.3.10-1ubuntu3.2
Vary: Accept-Encoding
Content-Length: 0
Content-Type: text/html

Arduino: update;serial=abcdefghijklmnop
Server: 
HTTP/1.1 200 OK
Date: Tue, 21 Aug 2012 21:56:13 GMT
Server: Apache/2.2.22 (Ubuntu)
X-Powered-By: PHP/5.3.10-1ubuntu3.2
Vary: Accept-Encoding
Content-Length: 25
Content-Type: text/html

readtime=60
pinstoread=1
Arduino: update;serial=abcdefghijklmnop
Server: 
HTTP/1.1 200 OK
Date: Tue, 21 Aug 2012 21:59:56 GMT
Server: Apache/2.2.22 (Ubuntu)
X-Powered-By: PHP/5.3.10-1ubuntu3.2
Vary: Accept-Encoding
Content-Length: 25
Content-Type: text/html

readtime=60
pinstoread=1
Arduino: newreading;serial=abcdefghijklmnop&reading=0.000&pin=0
Server: 
HTTP/1.1 200 OK
Date: Tue, 21 Aug 2012 22:00:56 GMT
Server: Apache/2.2.22 (Ubuntu)
X-Powered-By: PHP/5.3.10-1ubuntu3.2
Vary: Accept-Encoding
Content-Length: 0
Content-Type: text/html

Arduino: update;serial=abcdefghijklmnop
Server: 
HTTP/1.1 200 OK
Date: Tue, 21 Aug 2012 22:00:56 GMT
Server: Apache/2.2.22 (Ubuntu)
X-Powered-By: PHP/5.3.10-1ubuntu3.2
Vary: Accept-Encoding
Content-Length: 25
Content-Type: text/html

readtime=60
pinstoread=1
