Build started 6/14/2012 11:34:30 AM.
     1>Project "C:\Users\Jean-Luc\Microcontroller-Monitoring-System\Microcontroller-Monitoring-System\MMSClient\MMSClient.vcxproj" on node 2 (build target(s)).
     1>InitializeBuildStatus:
         Creating "Release\MMSClient.unsuccessfulbuild" because "AlwaysCreate" was specified.
       ClCompile:
         All outputs are up-to-date.
       Link:
         C:\Program Files (x86)\Microsoft Visual Studio 10.0\VC\bin\link.exe /ERRORREPORT:PROMPT /OUT:"C:\Users\Jean-Luc\Microcontroller-Monitoring-System\Microcontroller-Monitoring-System\Release\MMSClient.exe" /INCREMENTAL:NO /NOLOGO kernel32.lib user32.lib gdi32.lib winspool.lib comdlg32.lib advapi32.lib shell32.lib ole32.lib oleaut32.lib uuid.lib odbc32.lib odbccp32.lib ws2_32.lib kernel32.lib user32.lib gdi32.lib winspool.lib comdlg32.lib advapi32.lib shell32.lib ole32.lib oleaut32.lib uuid.lib odbc32.lib odbccp32.lib /MANIFEST /ManifestFile:"Release\MMSClient.exe.intermediate.manifest" /MANIFESTUAC:"level='asInvoker' uiAccess='false'" /DEBUG /PDB:"C:\Users\Jean-Luc\Microcontroller-Monitoring-System\Microcontroller-Monitoring-System\Release\MMSClient.pdb" /SUBSYSTEM:CONSOLE /OPT:REF /OPT:ICF /LTCG /TLBID:1 /DYNAMICBASE /NXCOMPAT /IMPLIB:"C:\Users\Jean-Luc\Microcontroller-Monitoring-System\Microcontroller-Monitoring-System\Release\MMSClient.lib" /MACHINE:X86 Release\main.obj
         "C:\Users\Jean-Luc\Microcontroller-Monitoring-System\Microcontroller-Monitoring-System\Release\libMMS.lib"
         Generating code
         Finished generating code
         MMSClient.vcxproj -> C:\Users\Jean-Luc\Microcontroller-Monitoring-System\Microcontroller-Monitoring-System\Release\MMSClient.exe
       Manifest:
         C:\Program Files (x86)\Microsoft SDKs\Windows\v7.0A\bin\mt.exe /nologo /verbose /outputresource:"C:\Users\Jean-Luc\Microcontroller-Monitoring-System\Microcontroller-Monitoring-System\Release\MMSClient.exe;#1" /manifest Release\MMSClient.exe.intermediate.manifest
       FinalizeBuildStatus:
         Deleting file "Release\MMSClient.unsuccessfulbuild".
         Touching "Release\MMSClient.lastbuildstate".
     1>Done Building Project "C:\Users\Jean-Luc\Microcontroller-Monitoring-System\Microcontroller-Monitoring-System\MMSClient\MMSClient.vcxproj" (build target(s)).

Build succeeded.

Time Elapsed 00:00:02.92
